\BOOKMARK [0][-]{chapter.1}{\376\377\0001\000\040\000H\000i\000e\000r\000a\000r\000c\000h\000i\000c\000a\000l\000\040\000I\000n\000d\000e\000x}{}% 1
\BOOKMARK [1][-]{section.1.1}{\376\377\0001\000.\0001\000\040\000C\000l\000a\000s\000s\000\040\000H\000i\000e\000r\000a\000r\000c\000h\000y}{chapter.1}% 2
\BOOKMARK [0][-]{chapter.2}{\376\377\0002\000\040\000C\000l\000a\000s\000s\000\040\000I\000n\000d\000e\000x}{}% 3
\BOOKMARK [1][-]{section.2.1}{\376\377\0002\000.\0001\000\040\000C\000l\000a\000s\000s\000\040\000L\000i\000s\000t}{chapter.2}% 4
\BOOKMARK [0][-]{chapter.3}{\376\377\0003\000\040\000F\000i\000l\000e\000\040\000I\000n\000d\000e\000x}{}% 5
\BOOKMARK [1][-]{section.3.1}{\376\377\0003\000.\0001\000\040\000F\000i\000l\000e\000\040\000L\000i\000s\000t}{chapter.3}% 6
\BOOKMARK [0][-]{chapter.4}{\376\377\0004\000\040\000C\000l\000a\000s\000s\000\040\000D\000o\000c\000u\000m\000e\000n\000t\000a\000t\000i\000o\000n}{}% 7
\BOOKMARK [1][-]{section.4.1}{\376\377\0004\000.\0001\000\040\000B\000i\000g\000\137\000P\000l\000a\000n\000e\000\040\000C\000l\000a\000s\000s\000\040\000R\000e\000f\000e\000r\000e\000n\000c\000e}{chapter.4}% 8
\BOOKMARK [2][-]{subsection.4.1.1}{\376\377\0004\000.\0001\000.\0001\000\040\000C\000o\000n\000s\000t\000r\000u\000c\000t\000o\000r\000\040\000\046\000\040\000D\000e\000s\000t\000r\000u\000c\000t\000o\000r\000\040\000D\000o\000c\000u\000m\000e\000n\000t\000a\000t\000i\000o\000n}{section.4.1}% 9
\BOOKMARK [3][-]{subsubsection.4.1.1.1}{\376\377\0004\000.\0001\000.\0001\000.\0001\000\040\000B\000i\000g\000\137\000P\000l\000a\000n\000e\000\050\000\051}{subsection.4.1.1}% 10
\BOOKMARK [3][-]{subsubsection.4.1.1.2}{\376\377\0004\000.\0001\000.\0001\000.\0002\000\040\000\040\000B\000i\000g\000\137\000P\000l\000a\000n\000e\000\050\000\051}{subsection.4.1.1}% 11
\BOOKMARK [2][-]{subsection.4.1.2}{\376\377\0004\000.\0001\000.\0002\000\040\000M\000e\000m\000b\000e\000r\000\040\000F\000u\000n\000c\000t\000i\000o\000n\000\040\000D\000o\000c\000u\000m\000e\000n\000t\000a\000t\000i\000o\000n}{section.4.1}% 12
\BOOKMARK [3][-]{subsubsection.4.1.2.1}{\376\377\0004\000.\0001\000.\0002\000.\0001\000\040\000f\000r\000e\000e\000z\000e\000\050\000\051}{subsection.4.1.2}% 13
\BOOKMARK [3][-]{subsubsection.4.1.2.2}{\376\377\0004\000.\0001\000.\0002\000.\0002\000\040\000g\000e\000t\000\137\000t\000y\000p\000e\000\050\000\051}{subsection.4.1.2}% 14
\BOOKMARK [3][-]{subsubsection.4.1.2.3}{\376\377\0004\000.\0001\000.\0002\000.\0003\000\040\000t\000i\000c\000k\000\050\000\051}{subsection.4.1.2}% 15
\BOOKMARK [2][-]{subsection.4.1.3}{\376\377\0004\000.\0001\000.\0003\000\040\000M\000e\000m\000b\000e\000r\000\040\000D\000a\000t\000a\000\040\000D\000o\000c\000u\000m\000e\000n\000t\000a\000t\000i\000o\000n}{section.4.1}% 16
\BOOKMARK [3][-]{subsubsection.4.1.3.1}{\376\377\0004\000.\0001\000.\0003\000.\0001\000\040\000f\000r\000e\000e\000z\000e\000\137\000s\000t\000a\000t\000e}{subsection.4.1.3}% 17
\BOOKMARK [3][-]{subsubsection.4.1.3.2}{\376\377\0004\000.\0001\000.\0003\000.\0002\000\040\000s\000h\000o\000o\000t\000\137\000s\000p\000e\000e\000d}{subsection.4.1.3}% 18
\BOOKMARK [3][-]{subsubsection.4.1.3.3}{\376\377\0004\000.\0001\000.\0003\000.\0003\000\040\000s\000h\000o\000o\000t\000\137\000t\000i\000m\000e}{subsection.4.1.3}% 19
\BOOKMARK [3][-]{subsubsection.4.1.3.4}{\376\377\0004\000.\0001\000.\0003\000.\0004\000\040\000s\000h\000o\000o\000t\000\137\000t\000i\000m\000e\000r}{subsection.4.1.3}% 20
\BOOKMARK [1][-]{section.4.2}{\376\377\0004\000.\0002\000\040\000B\000o\000m\000b\000\040\000C\000l\000a\000s\000s\000\040\000R\000e\000f\000e\000r\000e\000n\000c\000e}{chapter.4}% 21
\BOOKMARK [2][-]{subsection.4.2.1}{\376\377\0004\000.\0002\000.\0001\000\040\000C\000o\000n\000s\000t\000r\000u\000c\000t\000o\000r\000\040\000\046\000\040\000D\000e\000s\000t\000r\000u\000c\000t\000o\000r\000\040\000D\000o\000c\000u\000m\000e\000n\000t\000a\000t\000i\000o\000n}{section.4.2}% 22
\BOOKMARK [3][-]{subsubsection.4.2.1.1}{\376\377\0004\000.\0002\000.\0001\000.\0001\000\040\000B\000o\000m\000b\000\050\000\051}{subsection.4.2.1}% 23
\BOOKMARK [3][-]{subsubsection.4.2.1.2}{\376\377\0004\000.\0002\000.\0001\000.\0002\000\040\000\040\000B\000o\000m\000b\000\050\000\051}{subsection.4.2.1}% 24
\BOOKMARK [2][-]{subsection.4.2.2}{\376\377\0004\000.\0002\000.\0002\000\040\000M\000e\000m\000b\000e\000r\000\040\000F\000u\000n\000c\000t\000i\000o\000n\000\040\000D\000o\000c\000u\000m\000e\000n\000t\000a\000t\000i\000o\000n}{section.4.2}% 25
\BOOKMARK [3][-]{subsubsection.4.2.2.1}{\376\377\0004\000.\0002\000.\0002\000.\0001\000\040\000g\000e\000t\000\137\000t\000y\000p\000e\000\050\000\051}{subsection.4.2.2}% 26
\BOOKMARK [1][-]{section.4.3}{\376\377\0004\000.\0003\000\040\000B\000u\000l\000l\000e\000t\000\040\000C\000l\000a\000s\000s\000\040\000R\000e\000f\000e\000r\000e\000n\000c\000e}{chapter.4}% 27
\BOOKMARK [2][-]{subsection.4.3.1}{\376\377\0004\000.\0003\000.\0001\000\040\000C\000o\000n\000s\000t\000r\000u\000c\000t\000o\000r\000\040\000\046\000\040\000D\000e\000s\000t\000r\000u\000c\000t\000o\000r\000\040\000D\000o\000c\000u\000m\000e\000n\000t\000a\000t\000i\000o\000n}{section.4.3}% 28
\BOOKMARK [3][-]{subsubsection.4.3.1.1}{\376\377\0004\000.\0003\000.\0001\000.\0001\000\040\000B\000u\000l\000l\000e\000t\000\050\000\051}{subsection.4.3.1}% 29
\BOOKMARK [3][-]{subsubsection.4.3.1.2}{\376\377\0004\000.\0003\000.\0001\000.\0002\000\040\000\040\000B\000u\000l\000l\000e\000t\000\050\000\051}{subsection.4.3.1}% 30
\BOOKMARK [1][-]{section.4.4}{\376\377\0004\000.\0004\000\040\000E\000n\000d\000\137\000S\000t\000a\000t\000e\000\040\000C\000l\000a\000s\000s\000\040\000R\000e\000f\000e\000r\000e\000n\000c\000e}{chapter.4}% 31
\BOOKMARK [2][-]{subsection.4.4.1}{\376\377\0004\000.\0004\000.\0001\000\040\000C\000o\000n\000s\000t\000r\000u\000c\000t\000o\000r\000\040\000\046\000\040\000D\000e\000s\000t\000r\000u\000c\000t\000o\000r\000\040\000D\000o\000c\000u\000m\000e\000n\000t\000a\000t\000i\000o\000n}{section.4.4}% 32
\BOOKMARK [3][-]{subsubsection.4.4.1.1}{\376\377\0004\000.\0004\000.\0001\000.\0001\000\040\000E\000n\000d\000\137\000S\000t\000a\000t\000e\000\050\000\051}{subsection.4.4.1}% 33
\BOOKMARK [2][-]{subsection.4.4.2}{\376\377\0004\000.\0004\000.\0002\000\040\000M\000e\000m\000b\000e\000r\000\040\000F\000u\000n\000c\000t\000i\000o\000n\000\040\000D\000o\000c\000u\000m\000e\000n\000t\000a\000t\000i\000o\000n}{section.4.4}% 34
\BOOKMARK [3][-]{subsubsection.4.4.2.1}{\376\377\0004\000.\0004\000.\0002\000.\0001\000\040\000r\000e\000n\000d\000e\000r\000\050\000\051}{subsection.4.4.2}% 35
\BOOKMARK [2][-]{subsection.4.4.3}{\376\377\0004\000.\0004\000.\0003\000\040\000M\000e\000m\000b\000e\000r\000\040\000D\000a\000t\000a\000\040\000D\000o\000c\000u\000m\000e\000n\000t\000a\000t\000i\000o\000n}{section.4.4}% 36
\BOOKMARK [3][-]{subsubsection.4.4.3.1}{\376\377\0004\000.\0004\000.\0003\000.\0001\000\040\000r\000a\000t\000i\000n\000g}{subsection.4.4.3}% 37
\BOOKMARK [3][-]{subsubsection.4.4.3.2}{\376\377\0004\000.\0004\000.\0003\000.\0002\000\040\000s\000c\000o\000r\000e\000\137\000i\000n\000f\000o}{subsection.4.4.3}% 38
\BOOKMARK [3][-]{subsubsection.4.4.3.3}{\376\377\0004\000.\0004\000.\0003\000.\0003\000\040\000s\000t\000a\000t\000u\000s\000\137\000t\000e\000x\000t}{subsection.4.4.3}% 39
\BOOKMARK [3][-]{subsubsection.4.4.3.4}{\376\377\0004\000.\0004\000.\0003\000.\0004\000\040\000t\000e\000x\000t\000u\000r\000e}{subsection.4.4.3}% 40
\BOOKMARK [1][-]{section.4.5}{\376\377\0004\000.\0005\000\040\000E\000n\000e\000m\000y\000\040\000S\000t\000r\000u\000c\000t\000\040\000R\000e\000f\000e\000r\000e\000n\000c\000e}{chapter.4}% 41
\BOOKMARK [2][-]{subsection.4.5.1}{\376\377\0004\000.\0005\000.\0001\000\040\000C\000o\000n\000s\000t\000r\000u\000c\000t\000o\000r\000\040\000\046\000\040\000D\000e\000s\000t\000r\000u\000c\000t\000o\000r\000\040\000D\000o\000c\000u\000m\000e\000n\000t\000a\000t\000i\000o\000n}{section.4.5}% 42
\BOOKMARK [3][-]{subsubsection.4.5.1.1}{\376\377\0004\000.\0005\000.\0001\000.\0001\000\040\000E\000n\000e\000m\000y\000\050\000\051}{subsection.4.5.1}% 43
\BOOKMARK [3][-]{subsubsection.4.5.1.2}{\376\377\0004\000.\0005\000.\0001\000.\0002\000\040\000\040\000E\000n\000e\000m\000y\000\050\000\051}{subsection.4.5.1}% 44
\BOOKMARK [2][-]{subsection.4.5.2}{\376\377\0004\000.\0005\000.\0002\000\040\000M\000e\000m\000b\000e\000r\000\040\000F\000u\000n\000c\000t\000i\000o\000n\000\040\000D\000o\000c\000u\000m\000e\000n\000t\000a\000t\000i\000o\000n}{section.4.5}% 45
\BOOKMARK [3][-]{subsubsection.4.5.2.1}{\376\377\0004\000.\0005\000.\0002\000.\0001\000\040\000c\000o\000l\000l\000i\000s\000i\000o\000n\000\050\000\051}{subsection.4.5.2}% 46
\BOOKMARK [1][-]{section.4.6}{\376\377\0004\000.\0006\000\040\000E\000n\000e\000m\000y\000\137\000B\000u\000l\000l\000e\000t\000\040\000C\000l\000a\000s\000s\000\040\000R\000e\000f\000e\000r\000e\000n\000c\000e}{chapter.4}% 47
\BOOKMARK [2][-]{subsection.4.6.1}{\376\377\0004\000.\0006\000.\0001\000\040\000C\000o\000n\000s\000t\000r\000u\000c\000t\000o\000r\000\040\000\046\000\040\000D\000e\000s\000t\000r\000u\000c\000t\000o\000r\000\040\000D\000o\000c\000u\000m\000e\000n\000t\000a\000t\000i\000o\000n}{section.4.6}% 48
\BOOKMARK [3][-]{subsubsection.4.6.1.1}{\376\377\0004\000.\0006\000.\0001\000.\0001\000\040\000E\000n\000e\000m\000y\000\137\000B\000u\000l\000l\000e\000t\000\050\000\051}{subsection.4.6.1}% 49
\BOOKMARK [3][-]{subsubsection.4.6.1.2}{\376\377\0004\000.\0006\000.\0001\000.\0002\000\040\000\040\000E\000n\000e\000m\000y\000\137\000B\000u\000l\000l\000e\000t\000\050\000\051}{subsection.4.6.1}% 50
\BOOKMARK [2][-]{subsection.4.6.2}{\376\377\0004\000.\0006\000.\0002\000\040\000M\000e\000m\000b\000e\000r\000\040\000F\000u\000n\000c\000t\000i\000o\000n\000\040\000D\000o\000c\000u\000m\000e\000n\000t\000a\000t\000i\000o\000n}{section.4.6}% 51
\BOOKMARK [3][-]{subsubsection.4.6.2.1}{\376\377\0004\000.\0006\000.\0002\000.\0001\000\040\000c\000o\000l\000l\000i\000s\000i\000o\000n\000\050\000\051}{subsection.4.6.2}% 52
\BOOKMARK [3][-]{subsubsection.4.6.2.2}{\376\377\0004\000.\0006\000.\0002\000.\0002\000\040\000g\000e\000t\000\137\000t\000y\000p\000e\000\050\000\051}{subsection.4.6.2}% 53
\BOOKMARK [1][-]{section.4.7}{\376\377\0004\000.\0007\000\040\000E\000n\000t\000i\000t\000y\000\040\000C\000l\000a\000s\000s\000\040\000R\000e\000f\000e\000r\000e\000n\000c\000e}{chapter.4}% 54
\BOOKMARK [2][-]{subsection.4.7.1}{\376\377\0004\000.\0007\000.\0001\000\040\000C\000o\000n\000s\000t\000r\000u\000c\000t\000o\000r\000\040\000\046\000\040\000D\000e\000s\000t\000r\000u\000c\000t\000o\000r\000\040\000D\000o\000c\000u\000m\000e\000n\000t\000a\000t\000i\000o\000n}{section.4.7}% 55
\BOOKMARK [3][-]{subsubsection.4.7.1.1}{\376\377\0004\000.\0007\000.\0001\000.\0001\000\040\000E\000n\000t\000i\000t\000y\000\050\000\051\000\040\000[\0001\000/\0002\000]}{subsection.4.7.1}% 56
\BOOKMARK [3][-]{subsubsection.4.7.1.2}{\376\377\0004\000.\0007\000.\0001\000.\0002\000\040\000E\000n\000t\000i\000t\000y\000\050\000\051\000\040\000[\0002\000/\0002\000]}{subsection.4.7.1}% 57
\BOOKMARK [3][-]{subsubsection.4.7.1.3}{\376\377\0004\000.\0007\000.\0001\000.\0003\000\040\000\040\000E\000n\000t\000i\000t\000y\000\050\000\051}{subsection.4.7.1}% 58
\BOOKMARK [2][-]{subsection.4.7.2}{\376\377\0004\000.\0007\000.\0002\000\040\000M\000e\000m\000b\000e\000r\000\040\000F\000u\000n\000c\000t\000i\000o\000n\000\040\000D\000o\000c\000u\000m\000e\000n\000t\000a\000t\000i\000o\000n}{section.4.7}% 59
\BOOKMARK [3][-]{subsubsection.4.7.2.1}{\376\377\0004\000.\0007\000.\0002\000.\0001\000\040\000c\000o\000l\000l\000i\000s\000i\000o\000n\000\050\000\051}{subsection.4.7.2}% 60
\BOOKMARK [3][-]{subsubsection.4.7.2.2}{\376\377\0004\000.\0007\000.\0002\000.\0002\000\040\000f\000r\000e\000e\000z\000e\000\050\000\051}{subsection.4.7.2}% 61
\BOOKMARK [3][-]{subsubsection.4.7.2.3}{\376\377\0004\000.\0007\000.\0002\000.\0003\000\040\000g\000e\000t\000\137\000h\000e\000a\000l\000t\000h\000\050\000\051}{subsection.4.7.2}% 62
\BOOKMARK [3][-]{subsubsection.4.7.2.4}{\376\377\0004\000.\0007\000.\0002\000.\0004\000\040\000g\000e\000t\000\137\000s\000p\000r\000i\000t\000e\000\050\000\051}{subsection.4.7.2}% 63
\BOOKMARK [3][-]{subsubsection.4.7.2.5}{\376\377\0004\000.\0007\000.\0002\000.\0005\000\040\000g\000e\000t\000\137\000t\000y\000p\000e\000\050\000\051}{subsection.4.7.2}% 64
\BOOKMARK [3][-]{subsubsection.4.7.2.6}{\376\377\0004\000.\0007\000.\0002\000.\0006\000\040\000k\000i\000l\000l\000\137\000m\000e\000\050\000\051}{subsection.4.7.2}% 65
\BOOKMARK [3][-]{subsubsection.4.7.2.7}{\376\377\0004\000.\0007\000.\0002\000.\0007\000\040\000r\000e\000n\000d\000e\000r\000\050\000\051}{subsection.4.7.2}% 66
\BOOKMARK [3][-]{subsubsection.4.7.2.8}{\376\377\0004\000.\0007\000.\0002\000.\0008\000\040\000t\000i\000c\000k\000\050\000\051}{subsection.4.7.2}% 67
\BOOKMARK [2][-]{subsection.4.7.3}{\376\377\0004\000.\0007\000.\0003\000\040\000M\000e\000m\000b\000e\000r\000\040\000D\000a\000t\000a\000\040\000D\000o\000c\000u\000m\000e\000n\000t\000a\000t\000i\000o\000n}{section.4.7}% 68
\BOOKMARK [3][-]{subsubsection.4.7.3.1}{\376\377\0004\000.\0007\000.\0003\000.\0001\000\040\000h\000e\000a\000l\000t\000h}{subsection.4.7.3}% 69
\BOOKMARK [3][-]{subsubsection.4.7.3.2}{\376\377\0004\000.\0007\000.\0003\000.\0002\000\040\000h\000e\000i\000g\000h\000t}{subsection.4.7.3}% 70
\BOOKMARK [3][-]{subsubsection.4.7.3.3}{\376\377\0004\000.\0007\000.\0003\000.\0003\000\040\000l\000o\000c\000a\000t\000i\000o\000n}{subsection.4.7.3}% 71
\BOOKMARK [3][-]{subsubsection.4.7.3.4}{\376\377\0004\000.\0007\000.\0003\000.\0004\000\040\000s\000p\000e\000e\000d}{subsection.4.7.3}% 72
\BOOKMARK [3][-]{subsubsection.4.7.3.5}{\376\377\0004\000.\0007\000.\0003\000.\0005\000\040\000s\000p\000r\000i\000t\000e}{subsection.4.7.3}% 73
\BOOKMARK [3][-]{subsubsection.4.7.3.6}{\376\377\0004\000.\0007\000.\0003\000.\0006\000\040\000w\000i\000d\000t\000h}{subsection.4.7.3}% 74
\BOOKMARK [1][-]{section.4.8}{\376\377\0004\000.\0008\000\040\000M\000e\000n\000u\000\137\000S\000t\000a\000t\000e\000:\000:\000E\000n\000t\000r\000y\000\040\000S\000t\000r\000u\000c\000t\000\040\000R\000e\000f\000e\000r\000e\000n\000c\000e}{chapter.4}% 75
\BOOKMARK [2][-]{subsection.4.8.1}{\376\377\0004\000.\0008\000.\0001\000\040\000M\000e\000m\000b\000e\000r\000\040\000D\000a\000t\000a\000\040\000D\000o\000c\000u\000m\000e\000n\000t\000a\000t\000i\000o\000n}{section.4.8}% 76
\BOOKMARK [3][-]{subsubsection.4.8.1.1}{\376\377\0004\000.\0008\000.\0001\000.\0001\000\040\000a\000c\000t\000i\000o\000n}{subsection.4.8.1}% 77
\BOOKMARK [3][-]{subsubsection.4.8.1.2}{\376\377\0004\000.\0008\000.\0001\000.\0002\000\040\000s\000t\000a\000t\000e}{subsection.4.8.1}% 78
\BOOKMARK [3][-]{subsubsection.4.8.1.3}{\376\377\0004\000.\0008\000.\0001\000.\0003\000\040\000t\000e\000x\000t}{subsection.4.8.1}% 79
\BOOKMARK [1][-]{section.4.9}{\376\377\0004\000.\0009\000\040\000E\000x\000i\000t\000\137\000S\000t\000a\000t\000e\000\040\000C\000l\000a\000s\000s\000\040\000R\000e\000f\000e\000r\000e\000n\000c\000e}{chapter.4}% 80
\BOOKMARK [2][-]{subsection.4.9.1}{\376\377\0004\000.\0009\000.\0001\000\040\000M\000e\000m\000b\000e\000r\000\040\000F\000u\000n\000c\000t\000i\000o\000n\000\040\000D\000o\000c\000u\000m\000e\000n\000t\000a\000t\000i\000o\000n}{section.4.9}% 81
\BOOKMARK [3][-]{subsubsection.4.9.1.1}{\376\377\0004\000.\0009\000.\0001\000.\0001\000\040\000r\000e\000n\000d\000e\000r\000\050\000\051}{subsection.4.9.1}% 82
\BOOKMARK [3][-]{subsubsection.4.9.1.2}{\376\377\0004\000.\0009\000.\0001\000.\0002\000\040\000t\000i\000c\000k\000\050\000\051}{subsection.4.9.1}% 83
\BOOKMARK [1][-]{section.4.10}{\376\377\0004\000.\0001\0000\000\040\000G\000a\000m\000e\000\137\000S\000t\000a\000t\000e\000\040\000C\000l\000a\000s\000s\000\040\000R\000e\000f\000e\000r\000e\000n\000c\000e}{chapter.4}% 84
\BOOKMARK [2][-]{subsection.4.10.1}{\376\377\0004\000.\0001\0000\000.\0001\000\040\000C\000o\000n\000s\000t\000r\000u\000c\000t\000o\000r\000\040\000\046\000\040\000D\000e\000s\000t\000r\000u\000c\000t\000o\000r\000\040\000D\000o\000c\000u\000m\000e\000n\000t\000a\000t\000i\000o\000n}{section.4.10}% 85
\BOOKMARK [3][-]{subsubsection.4.10.1.1}{\376\377\0004\000.\0001\0000\000.\0001\000.\0001\000\040\000G\000a\000m\000e\000\137\000S\000t\000a\000t\000e\000\050\000\051\000\040\000[\0001\000/\0002\000]}{subsection.4.10.1}% 86
\BOOKMARK [3][-]{subsubsection.4.10.1.2}{\376\377\0004\000.\0001\0000\000.\0001\000.\0002\000\040\000G\000a\000m\000e\000\137\000S\000t\000a\000t\000e\000\050\000\051\000\040\000[\0002\000/\0002\000]}{subsection.4.10.1}% 87
\BOOKMARK [2][-]{subsection.4.10.2}{\376\377\0004\000.\0001\0000\000.\0002\000\040\000M\000e\000m\000b\000e\000r\000\040\000F\000u\000n\000c\000t\000i\000o\000n\000\040\000D\000o\000c\000u\000m\000e\000n\000t\000a\000t\000i\000o\000n}{section.4.10}% 88
\BOOKMARK [3][-]{subsubsection.4.10.2.1}{\376\377\0004\000.\0001\0000\000.\0002\000.\0001\000\040\000r\000e\000n\000d\000e\000r\000\050\000\051}{subsection.4.10.2}% 89
\BOOKMARK [3][-]{subsubsection.4.10.2.2}{\376\377\0004\000.\0001\0000\000.\0002\000.\0002\000\040\000t\000i\000c\000k\000\050\000\051}{subsection.4.10.2}% 90
\BOOKMARK [2][-]{subsection.4.10.3}{\376\377\0004\000.\0001\0000\000.\0003\000\040\000M\000e\000m\000b\000e\000r\000\040\000D\000a\000t\000a\000\040\000D\000o\000c\000u\000m\000e\000n\000t\000a\000t\000i\000o\000n}{section.4.10}% 91
\BOOKMARK [3][-]{subsubsection.4.10.3.1}{\376\377\0004\000.\0001\0000\000.\0003\000.\0001\000\040\000l\000e\000v\000e\000l\000\137\000p\000a\000t\000h}{subsection.4.10.3}% 92
\BOOKMARK [3][-]{subsubsection.4.10.3.2}{\376\377\0004\000.\0001\0000\000.\0003\000.\0002\000\040\000w\000o\000r\000l\000d}{subsection.4.10.3}% 93
\BOOKMARK [1][-]{section.4.11}{\376\377\0004\000.\0001\0001\000\040\000H\000e\000l\000p\000\137\000S\000t\000a\000t\000e\000\040\000C\000l\000a\000s\000s\000\040\000R\000e\000f\000e\000r\000e\000n\000c\000e}{chapter.4}% 94
\BOOKMARK [2][-]{subsection.4.11.1}{\376\377\0004\000.\0001\0001\000.\0001\000\040\000C\000o\000n\000s\000t\000r\000u\000c\000t\000o\000r\000\040\000\046\000\040\000D\000e\000s\000t\000r\000u\000c\000t\000o\000r\000\040\000D\000o\000c\000u\000m\000e\000n\000t\000a\000t\000i\000o\000n}{section.4.11}% 95
\BOOKMARK [3][-]{subsubsection.4.11.1.1}{\376\377\0004\000.\0001\0001\000.\0001\000.\0001\000\040\000H\000e\000l\000p\000\137\000S\000t\000a\000t\000e\000\050\000\051}{subsection.4.11.1}% 96
\BOOKMARK [2][-]{subsection.4.11.2}{\376\377\0004\000.\0001\0001\000.\0002\000\040\000M\000e\000m\000b\000e\000r\000\040\000F\000u\000n\000c\000t\000i\000o\000n\000\040\000D\000o\000c\000u\000m\000e\000n\000t\000a\000t\000i\000o\000n}{section.4.11}% 97
\BOOKMARK [3][-]{subsubsection.4.11.2.1}{\376\377\0004\000.\0001\0001\000.\0002\000.\0001\000\040\000r\000e\000n\000d\000e\000r\000\050\000\051}{subsection.4.11.2}% 98
\BOOKMARK [2][-]{subsection.4.11.3}{\376\377\0004\000.\0001\0001\000.\0003\000\040\000M\000e\000m\000b\000e\000r\000\040\000D\000a\000t\000a\000\040\000D\000o\000c\000u\000m\000e\000n\000t\000a\000t\000i\000o\000n}{section.4.11}% 99
\BOOKMARK [3][-]{subsubsection.4.11.3.1}{\376\377\0004\000.\0001\0001\000.\0003\000.\0001\000\040\000k\000e\000y\000b\000o\000a\000r\000d\000\137\000g\000u\000i\000d\000e}{subsection.4.11.3}% 100
\BOOKMARK [3][-]{subsubsection.4.11.3.2}{\376\377\0004\000.\0001\0001\000.\0003\000.\0002\000\040\000t\000e\000x\000t\000u\000r\000e}{subsection.4.11.3}% 101
\BOOKMARK [1][-]{section.4.12}{\376\377\0004\000.\0001\0002\000\040\000L\000e\000v\000e\000l\000\040\000C\000l\000a\000s\000s\000\040\000R\000e\000f\000e\000r\000e\000n\000c\000e}{chapter.4}% 102
\BOOKMARK [2][-]{subsection.4.12.1}{\376\377\0004\000.\0001\0002\000.\0001\000\040\000C\000o\000n\000s\000t\000r\000u\000c\000t\000o\000r\000\040\000\046\000\040\000D\000e\000s\000t\000r\000u\000c\000t\000o\000r\000\040\000D\000o\000c\000u\000m\000e\000n\000t\000a\000t\000i\000o\000n}{section.4.12}% 103
\BOOKMARK [3][-]{subsubsection.4.12.1.1}{\376\377\0004\000.\0001\0002\000.\0001\000.\0001\000\040\000L\000e\000v\000e\000l\000\050\000\051}{subsection.4.12.1}% 104
\BOOKMARK [3][-]{subsubsection.4.12.1.2}{\376\377\0004\000.\0001\0002\000.\0001\000.\0002\000\040\000\040\000L\000e\000v\000e\000l\000\050\000\051}{subsection.4.12.1}% 105
\BOOKMARK [2][-]{subsection.4.12.2}{\376\377\0004\000.\0001\0002\000.\0002\000\040\000M\000e\000m\000b\000e\000r\000\040\000F\000u\000n\000c\000t\000i\000o\000n\000\040\000D\000o\000c\000u\000m\000e\000n\000t\000a\000t\000i\000o\000n}{section.4.12}% 106
\BOOKMARK [3][-]{subsubsection.4.12.2.1}{\376\377\0004\000.\0001\0002\000.\0002\000.\0001\000\040\000l\000o\000a\000d\000\137\000e\000n\000e\000m\000y\000\050\000\051}{subsection.4.12.2}% 107
\BOOKMARK [3][-]{subsubsection.4.12.2.2}{\376\377\0004\000.\0001\0002\000.\0002\000.\0002\000\040\000m\000a\000x\000\137\000s\000c\000o\000r\000e\000\050\000\051}{subsection.4.12.2}% 108
\BOOKMARK [2][-]{subsection.4.12.3}{\376\377\0004\000.\0001\0002\000.\0003\000\040\000M\000e\000m\000b\000e\000r\000\040\000D\000a\000t\000a\000\040\000D\000o\000c\000u\000m\000e\000n\000t\000a\000t\000i\000o\000n}{section.4.12}% 109
\BOOKMARK [3][-]{subsubsection.4.12.3.1}{\376\377\0004\000.\0001\0002\000.\0003\000.\0001\000\040\000d\000a\000t\000a}{subsection.4.12.3}% 110
\BOOKMARK [1][-]{section.4.13}{\376\377\0004\000.\0001\0003\000\040\000L\000e\000v\000e\000l\000\137\000S\000e\000l\000e\000c\000t\000i\000o\000n\000\137\000S\000t\000a\000t\000e\000\040\000C\000l\000a\000s\000s\000\040\000R\000e\000f\000e\000r\000e\000n\000c\000e}{chapter.4}% 111
\BOOKMARK [2][-]{subsection.4.13.1}{\376\377\0004\000.\0001\0003\000.\0001\000\040\000C\000o\000n\000s\000t\000r\000u\000c\000t\000o\000r\000\040\000\046\000\040\000D\000e\000s\000t\000r\000u\000c\000t\000o\000r\000\040\000D\000o\000c\000u\000m\000e\000n\000t\000a\000t\000i\000o\000n}{section.4.13}% 112
\BOOKMARK [3][-]{subsubsection.4.13.1.1}{\376\377\0004\000.\0001\0003\000.\0001\000.\0001\000\040\000L\000e\000v\000e\000l\000\137\000S\000e\000l\000e\000c\000t\000i\000o\000n\000\137\000S\000t\000a\000t\000e\000\050\000\051}{subsection.4.13.1}% 113
\BOOKMARK [1][-]{section.4.14}{\376\377\0004\000.\0001\0004\000\040\000M\000a\000i\000n\000\137\000M\000e\000n\000u\000\137\000S\000t\000a\000t\000e\000\040\000C\000l\000a\000s\000s\000\040\000R\000e\000f\000e\000r\000e\000n\000c\000e}{chapter.4}% 114
\BOOKMARK [2][-]{subsection.4.14.1}{\376\377\0004\000.\0001\0004\000.\0001\000\040\000C\000o\000n\000s\000t\000r\000u\000c\000t\000o\000r\000\040\000\046\000\040\000D\000e\000s\000t\000r\000u\000c\000t\000o\000r\000\040\000D\000o\000c\000u\000m\000e\000n\000t\000a\000t\000i\000o\000n}{section.4.14}% 115
\BOOKMARK [3][-]{subsubsection.4.14.1.1}{\376\377\0004\000.\0001\0004\000.\0001\000.\0001\000\040\000M\000a\000i\000n\000\137\000M\000e\000n\000u\000\137\000S\000t\000a\000t\000e\000\050\000\051}{subsection.4.14.1}% 116
\BOOKMARK [1][-]{section.4.15}{\376\377\0004\000.\0001\0005\000\040\000M\000e\000n\000u\000\137\000S\000t\000a\000t\000e\000\040\000C\000l\000a\000s\000s\000\040\000R\000e\000f\000e\000r\000e\000n\000c\000e}{chapter.4}% 117
\BOOKMARK [2][-]{subsection.4.15.1}{\376\377\0004\000.\0001\0005\000.\0001\000\040\000M\000e\000m\000b\000e\000r\000\040\000T\000y\000p\000e\000d\000e\000f\000\040\000D\000o\000c\000u\000m\000e\000n\000t\000a\000t\000i\000o\000n}{section.4.15}% 118
\BOOKMARK [3][-]{subsubsection.4.15.1.1}{\376\377\0004\000.\0001\0005\000.\0001\000.\0001\000\040\000A\000c\000t\000i\000o\000n}{subsection.4.15.1}% 119
\BOOKMARK [2][-]{subsection.4.15.2}{\376\377\0004\000.\0001\0005\000.\0002\000\040\000C\000o\000n\000s\000t\000r\000u\000c\000t\000o\000r\000\040\000\046\000\040\000D\000e\000s\000t\000r\000u\000c\000t\000o\000r\000\040\000D\000o\000c\000u\000m\000e\000n\000t\000a\000t\000i\000o\000n}{section.4.15}% 120
\BOOKMARK [3][-]{subsubsection.4.15.2.1}{\376\377\0004\000.\0001\0005\000.\0002\000.\0001\000\040\000M\000e\000n\000u\000\137\000S\000t\000a\000t\000e\000\050\000\051}{subsection.4.15.2}% 121
\BOOKMARK [2][-]{subsection.4.15.3}{\376\377\0004\000.\0001\0005\000.\0003\000\040\000M\000e\000m\000b\000e\000r\000\040\000F\000u\000n\000c\000t\000i\000o\000n\000\040\000D\000o\000c\000u\000m\000e\000n\000t\000a\000t\000i\000o\000n}{section.4.15}% 122
\BOOKMARK [3][-]{subsubsection.4.15.3.1}{\376\377\0004\000.\0001\0005\000.\0003\000.\0001\000\040\000a\000d\000d\000\050\000\051}{subsection.4.15.3}% 123
\BOOKMARK [3][-]{subsubsection.4.15.3.2}{\376\377\0004\000.\0001\0005\000.\0003\000.\0002\000\040\000o\000n\000\137\000k\000e\000y\000\137\000p\000r\000e\000s\000s\000\050\000\051}{subsection.4.15.3}% 124
\BOOKMARK [3][-]{subsubsection.4.15.3.3}{\376\377\0004\000.\0001\0005\000.\0003\000.\0003\000\040\000r\000e\000n\000d\000e\000r\000\050\000\051}{subsection.4.15.3}% 125
\BOOKMARK [3][-]{subsubsection.4.15.3.4}{\376\377\0004\000.\0001\0005\000.\0003\000.\0004\000\040\000t\000i\000c\000k\000\050\000\051}{subsection.4.15.3}% 126
\BOOKMARK [2][-]{subsection.4.15.4}{\376\377\0004\000.\0001\0005\000.\0004\000\040\000M\000e\000m\000b\000e\000r\000\040\000D\000a\000t\000a\000\040\000D\000o\000c\000u\000m\000e\000n\000t\000a\000t\000i\000o\000n}{section.4.15}% 127
\BOOKMARK [3][-]{subsubsection.4.15.4.1}{\376\377\0004\000.\0001\0005\000.\0004\000.\0001\000\040\000b\000a\000c\000k\000g\000r\000o\000u\000n\000d}{subsection.4.15.4}% 128
\BOOKMARK [3][-]{subsubsection.4.15.4.2}{\376\377\0004\000.\0001\0005\000.\0004\000.\0002\000\040\000d\000e\000l\000a\000y}{subsection.4.15.4}% 129
\BOOKMARK [3][-]{subsubsection.4.15.4.3}{\376\377\0004\000.\0001\0005\000.\0004\000.\0003\000\040\000e\000n\000t\000e\000r\000\137\000p\000r\000e\000s\000s\000e\000d}{subsection.4.15.4}% 130
\BOOKMARK [3][-]{subsubsection.4.15.4.4}{\376\377\0004\000.\0001\0005\000.\0004\000.\0004\000\040\000e\000n\000t\000r\000i\000e\000s}{subsection.4.15.4}% 131
\BOOKMARK [3][-]{subsubsection.4.15.4.5}{\376\377\0004\000.\0001\0005\000.\0004\000.\0005\000\040\000f\000o\000n\000t}{subsection.4.15.4}% 132
\BOOKMARK [3][-]{subsubsection.4.15.4.6}{\376\377\0004\000.\0001\0005\000.\0004\000.\0006\000\040\000s\000e\000l\000e\000c\000t\000e\000d}{subsection.4.15.4}% 133
\BOOKMARK [1][-]{section.4.16}{\376\377\0004\000.\0001\0006\000\040\000P\000a\000u\000s\000e\000\137\000S\000t\000a\000t\000e\000\040\000C\000l\000a\000s\000s\000\040\000R\000e\000f\000e\000r\000e\000n\000c\000e}{chapter.4}% 134
\BOOKMARK [2][-]{subsection.4.16.1}{\376\377\0004\000.\0001\0006\000.\0001\000\040\000C\000o\000n\000s\000t\000r\000u\000c\000t\000o\000r\000\040\000\046\000\040\000D\000e\000s\000t\000r\000u\000c\000t\000o\000r\000\040\000D\000o\000c\000u\000m\000e\000n\000t\000a\000t\000i\000o\000n}{section.4.16}% 135
\BOOKMARK [3][-]{subsubsection.4.16.1.1}{\376\377\0004\000.\0001\0006\000.\0001\000.\0001\000\040\000P\000a\000u\000s\000e\000\137\000S\000t\000a\000t\000e\000\050\000\051}{subsection.4.16.1}% 136
\BOOKMARK [1][-]{section.4.17}{\376\377\0004\000.\0001\0007\000\040\000P\000l\000a\000y\000e\000r\000\040\000C\000l\000a\000s\000s\000\040\000R\000e\000f\000e\000r\000e\000n\000c\000e}{chapter.4}% 137
\BOOKMARK [2][-]{subsection.4.17.1}{\376\377\0004\000.\0001\0007\000.\0001\000\040\000C\000o\000n\000s\000t\000r\000u\000c\000t\000o\000r\000\040\000\046\000\040\000D\000e\000s\000t\000r\000u\000c\000t\000o\000r\000\040\000D\000o\000c\000u\000m\000e\000n\000t\000a\000t\000i\000o\000n}{section.4.17}% 138
\BOOKMARK [3][-]{subsubsection.4.17.1.1}{\376\377\0004\000.\0001\0007\000.\0001\000.\0001\000\040\000P\000l\000a\000y\000e\000r\000\050\000\051}{subsection.4.17.1}% 139
\BOOKMARK [3][-]{subsubsection.4.17.1.2}{\376\377\0004\000.\0001\0007\000.\0001\000.\0002\000\040\000\040\000P\000l\000a\000y\000e\000r\000\050\000\051}{subsection.4.17.1}% 140
\BOOKMARK [2][-]{subsection.4.17.2}{\376\377\0004\000.\0001\0007\000.\0002\000\040\000M\000e\000m\000b\000e\000r\000\040\000F\000u\000n\000c\000t\000i\000o\000n\000\040\000D\000o\000c\000u\000m\000e\000n\000t\000a\000t\000i\000o\000n}{section.4.17}% 141
\BOOKMARK [3][-]{subsubsection.4.17.2.1}{\376\377\0004\000.\0001\0007\000.\0002\000.\0001\000\040\000c\000h\000e\000a\000t\000\050\000\051}{subsection.4.17.2}% 142
\BOOKMARK [3][-]{subsubsection.4.17.2.2}{\376\377\0004\000.\0001\0007\000.\0002\000.\0002\000\040\000c\000o\000l\000l\000i\000s\000i\000o\000n\000\050\000\051}{subsection.4.17.2}% 143
\BOOKMARK [3][-]{subsubsection.4.17.2.3}{\376\377\0004\000.\0001\0007\000.\0002\000.\0003\000\040\000f\000r\000e\000e\000z\000e\000\050\000\051}{subsection.4.17.2}% 144
\BOOKMARK [3][-]{subsubsection.4.17.2.4}{\376\377\0004\000.\0001\0007\000.\0002\000.\0004\000\040\000g\000e\000t\000\137\000s\000h\000i\000e\000l\000d\000\137\000t\000i\000m\000e\000\050\000\051}{subsection.4.17.2}% 145
\BOOKMARK [3][-]{subsubsection.4.17.2.5}{\376\377\0004\000.\0001\0007\000.\0002\000.\0005\000\040\000g\000e\000t\000\137\000t\000y\000p\000e\000\050\000\051}{subsection.4.17.2}% 146
\BOOKMARK [3][-]{subsubsection.4.17.2.6}{\376\377\0004\000.\0001\0007\000.\0002\000.\0006\000\040\000h\000a\000s\000\137\000s\000h\000i\000e\000l\000d\000\050\000\051}{subsection.4.17.2}% 147
\BOOKMARK [3][-]{subsubsection.4.17.2.7}{\376\377\0004\000.\0001\0007\000.\0002\000.\0007\000\040\000i\000s\000\137\000i\000n\000v\000i\000n\000c\000i\000b\000l\000e\000\050\000\051}{subsection.4.17.2}% 148
\BOOKMARK [3][-]{subsubsection.4.17.2.8}{\376\377\0004\000.\0001\0007\000.\0002\000.\0008\000\040\000s\000e\000t\000\137\000p\000o\000s\000i\000t\000i\000o\000n\000\050\000\051}{subsection.4.17.2}% 149
\BOOKMARK [3][-]{subsubsection.4.17.2.9}{\376\377\0004\000.\0001\0007\000.\0002\000.\0009\000\040\000s\000h\000o\000o\000t\000\050\000\051}{subsection.4.17.2}% 150
\BOOKMARK [3][-]{subsubsection.4.17.2.10}{\376\377\0004\000.\0001\0007\000.\0002\000.\0001\0000\000\040\000t\000i\000c\000k\000\050\000\051}{subsection.4.17.2}% 151
\BOOKMARK [3][-]{subsubsection.4.17.2.11}{\376\377\0004\000.\0001\0007\000.\0002\000.\0001\0001\000\040\000u\000p\000d\000a\000t\000e\000\137\000s\000t\000a\000t\000u\000s\000\050\000\051}{subsection.4.17.2}% 152
\BOOKMARK [2][-]{subsection.4.17.3}{\376\377\0004\000.\0001\0007\000.\0003\000\040\000M\000e\000m\000b\000e\000r\000\040\000D\000a\000t\000a\000\040\000D\000o\000c\000u\000m\000e\000n\000t\000a\000t\000i\000o\000n}{section.4.17}% 153
\BOOKMARK [3][-]{subsubsection.4.17.3.1}{\376\377\0004\000.\0001\0007\000.\0003\000.\0001\000\040\000f\000r\000e\000e\000z\000e\000\137\000s\000t\000a\000t\000e}{subsection.4.17.3}% 154
\BOOKMARK [3][-]{subsubsection.4.17.3.2}{\376\377\0004\000.\0001\0007\000.\0003\000.\0002\000\040\000g\000i\000v\000e\000\137\000i\000n\000v\000i\000n\000c\000i\000b\000l\000e}{subsection.4.17.3}% 155
\BOOKMARK [3][-]{subsubsection.4.17.3.3}{\376\377\0004\000.\0001\0007\000.\0003\000.\0003\000\040\000i\000n\000v\000i\000n\000c\000i\000b\000i\000l\000i\000t\000y\000\137\000t\000i\000m\000e}{subsection.4.17.3}% 156
\BOOKMARK [3][-]{subsubsection.4.17.3.4}{\376\377\0004\000.\0001\0007\000.\0003\000.\0004\000\040\000i\000n\000v\000i\000n\000c\000i\000b\000i\000l\000i\000t\000y\000\137\000t\000i\000m\000e\000r}{subsection.4.17.3}% 157
\BOOKMARK [3][-]{subsubsection.4.17.3.5}{\376\377\0004\000.\0001\0007\000.\0003\000.\0005\000\040\000i\000n\000v\000i\000n\000c\000i\000b\000l\000e}{subsection.4.17.3}% 158
\BOOKMARK [3][-]{subsubsection.4.17.3.6}{\376\377\0004\000.\0001\0007\000.\0003\000.\0006\000\040\000s\000h\000i\000e\000l\000d}{subsection.4.17.3}% 159
\BOOKMARK [3][-]{subsubsection.4.17.3.7}{\376\377\0004\000.\0001\0007\000.\0003\000.\0007\000\040\000s\000h\000i\000e\000l\000d\000\137\000t\000i\000m\000e}{subsection.4.17.3}% 160
\BOOKMARK [3][-]{subsubsection.4.17.3.8}{\376\377\0004\000.\0001\0007\000.\0003\000.\0008\000\040\000s\000h\000i\000e\000l\000d\000\137\000t\000i\000m\000e\000r}{subsection.4.17.3}% 161
\BOOKMARK [3][-]{subsubsection.4.17.3.9}{\376\377\0004\000.\0001\0007\000.\0003\000.\0009\000\040\000s\000h\000o\000o\000t\000\137\000s\000p\000e\000e\000d}{subsection.4.17.3}% 162
\BOOKMARK [3][-]{subsubsection.4.17.3.10}{\376\377\0004\000.\0001\0007\000.\0003\000.\0001\0000\000\040\000s\000h\000o\000o\000t\000\137\000t\000i\000m\000e}{subsection.4.17.3}% 163
\BOOKMARK [3][-]{subsubsection.4.17.3.11}{\376\377\0004\000.\0001\0007\000.\0003\000.\0001\0001\000\040\000s\000h\000o\000o\000t\000\137\000t\000i\000m\000e\000r}{subsection.4.17.3}% 164
\BOOKMARK [3][-]{subsubsection.4.17.3.12}{\376\377\0004\000.\0001\0007\000.\0003\000.\0001\0002\000\040\000t\000r\000i\000p\000l\000e\000\137\000t\000i\000m\000e}{subsection.4.17.3}% 165
\BOOKMARK [3][-]{subsubsection.4.17.3.13}{\376\377\0004\000.\0001\0007\000.\0003\000.\0001\0003\000\040\000t\000r\000i\000p\000l\000e\000\137\000t\000i\000m\000e\000r}{subsection.4.17.3}% 166
\BOOKMARK [3][-]{subsubsection.4.17.3.14}{\376\377\0004\000.\0001\0007\000.\0003\000.\0001\0004\000\040\000t\000r\000i\000p\000l\000e\000s\000h\000o\000t}{subsection.4.17.3}% 167
\BOOKMARK [1][-]{section.4.18}{\376\377\0004\000.\0001\0008\000\040\000P\000l\000a\000y\000e\000r\000\137\000B\000u\000l\000l\000e\000t\000\040\000C\000l\000a\000s\000s\000\040\000R\000e\000f\000e\000r\000e\000n\000c\000e}{chapter.4}% 168
\BOOKMARK [2][-]{subsection.4.18.1}{\376\377\0004\000.\0001\0008\000.\0001\000\040\000C\000o\000n\000s\000t\000r\000u\000c\000t\000o\000r\000\040\000\046\000\040\000D\000e\000s\000t\000r\000u\000c\000t\000o\000r\000\040\000D\000o\000c\000u\000m\000e\000n\000t\000a\000t\000i\000o\000n}{section.4.18}% 169
\BOOKMARK [3][-]{subsubsection.4.18.1.1}{\376\377\0004\000.\0001\0008\000.\0001\000.\0001\000\040\000P\000l\000a\000y\000e\000r\000\137\000B\000u\000l\000l\000e\000t\000\050\000\051}{subsection.4.18.1}% 170
\BOOKMARK [3][-]{subsubsection.4.18.1.2}{\376\377\0004\000.\0001\0008\000.\0001\000.\0002\000\040\000\040\000P\000l\000a\000y\000e\000r\000\137\000B\000u\000l\000l\000e\000t\000\050\000\051}{subsection.4.18.1}% 171
\BOOKMARK [2][-]{subsection.4.18.2}{\376\377\0004\000.\0001\0008\000.\0002\000\040\000M\000e\000m\000b\000e\000r\000\040\000F\000u\000n\000c\000t\000i\000o\000n\000\040\000D\000o\000c\000u\000m\000e\000n\000t\000a\000t\000i\000o\000n}{section.4.18}% 172
\BOOKMARK [3][-]{subsubsection.4.18.2.1}{\376\377\0004\000.\0001\0008\000.\0002\000.\0001\000\040\000c\000o\000l\000l\000i\000s\000i\000o\000n\000\050\000\051}{subsection.4.18.2}% 173
\BOOKMARK [3][-]{subsubsection.4.18.2.2}{\376\377\0004\000.\0001\0008\000.\0002\000.\0002\000\040\000g\000e\000t\000\137\000t\000y\000p\000e\000\050\000\051}{subsection.4.18.2}% 174
\BOOKMARK [3][-]{subsubsection.4.18.2.3}{\376\377\0004\000.\0001\0008\000.\0002\000.\0003\000\040\000t\000i\000c\000k\000\050\000\051}{subsection.4.18.2}% 175
\BOOKMARK [1][-]{section.4.19}{\376\377\0004\000.\0001\0009\000\040\000P\000o\000w\000e\000r\000u\000p\000\040\000C\000l\000a\000s\000s\000\040\000R\000e\000f\000e\000r\000e\000n\000c\000e}{chapter.4}% 176
\BOOKMARK [2][-]{subsection.4.19.1}{\376\377\0004\000.\0001\0009\000.\0001\000\040\000C\000o\000n\000s\000t\000r\000u\000c\000t\000o\000r\000\040\000\046\000\040\000D\000e\000s\000t\000r\000u\000c\000t\000o\000r\000\040\000D\000o\000c\000u\000m\000e\000n\000t\000a\000t\000i\000o\000n}{section.4.19}% 177
\BOOKMARK [3][-]{subsubsection.4.19.1.1}{\376\377\0004\000.\0001\0009\000.\0001\000.\0001\000\040\000P\000o\000w\000e\000r\000u\000p\000\050\000\051}{subsection.4.19.1}% 178
\BOOKMARK [3][-]{subsubsection.4.19.1.2}{\376\377\0004\000.\0001\0009\000.\0001\000.\0002\000\040\000\040\000P\000o\000w\000e\000r\000u\000p\000\050\000\051}{subsection.4.19.1}% 179
\BOOKMARK [2][-]{subsection.4.19.2}{\376\377\0004\000.\0001\0009\000.\0002\000\040\000M\000e\000m\000b\000e\000r\000\040\000F\000u\000n\000c\000t\000i\000o\000n\000\040\000D\000o\000c\000u\000m\000e\000n\000t\000a\000t\000i\000o\000n}{section.4.19}% 180
\BOOKMARK [3][-]{subsubsection.4.19.2.1}{\376\377\0004\000.\0001\0009\000.\0002\000.\0001\000\040\000c\000o\000l\000l\000i\000s\000i\000o\000n\000\050\000\051}{subsection.4.19.2}% 181
\BOOKMARK [3][-]{subsubsection.4.19.2.2}{\376\377\0004\000.\0001\0009\000.\0002\000.\0002\000\040\000g\000e\000t\000\137\000t\000y\000p\000e\000\050\000\051}{subsection.4.19.2}% 182
\BOOKMARK [2][-]{subsection.4.19.3}{\376\377\0004\000.\0001\0009\000.\0003\000\040\000M\000e\000m\000b\000e\000r\000\040\000D\000a\000t\000a\000\040\000D\000o\000c\000u\000m\000e\000n\000t\000a\000t\000i\000o\000n}{section.4.19}% 183
\BOOKMARK [3][-]{subsubsection.4.19.3.1}{\376\377\0004\000.\0001\0009\000.\0003\000.\0001\000\040\000n\000a\000m\000e}{subsection.4.19.3}% 184
\BOOKMARK [1][-]{section.4.20}{\376\377\0004\000.\0002\0000\000\040\000S\000m\000a\000l\000l\000\137\000P\000l\000a\000n\000e\000\040\000C\000l\000a\000s\000s\000\040\000R\000e\000f\000e\000r\000e\000n\000c\000e}{chapter.4}% 185
\BOOKMARK [2][-]{subsection.4.20.1}{\376\377\0004\000.\0002\0000\000.\0001\000\040\000C\000o\000n\000s\000t\000r\000u\000c\000t\000o\000r\000\040\000\046\000\040\000D\000e\000s\000t\000r\000u\000c\000t\000o\000r\000\040\000D\000o\000c\000u\000m\000e\000n\000t\000a\000t\000i\000o\000n}{section.4.20}% 186
\BOOKMARK [3][-]{subsubsection.4.20.1.1}{\376\377\0004\000.\0002\0000\000.\0001\000.\0001\000\040\000S\000m\000a\000l\000l\000\137\000P\000l\000a\000n\000e\000\050\000\051}{subsection.4.20.1}% 187
\BOOKMARK [3][-]{subsubsection.4.20.1.2}{\376\377\0004\000.\0002\0000\000.\0001\000.\0002\000\040\000\040\000S\000m\000a\000l\000l\000\137\000P\000l\000a\000n\000e\000\050\000\051}{subsection.4.20.1}% 188
\BOOKMARK [2][-]{subsection.4.20.2}{\376\377\0004\000.\0002\0000\000.\0002\000\040\000M\000e\000m\000b\000e\000r\000\040\000F\000u\000n\000c\000t\000i\000o\000n\000\040\000D\000o\000c\000u\000m\000e\000n\000t\000a\000t\000i\000o\000n}{section.4.20}% 189
\BOOKMARK [3][-]{subsubsection.4.20.2.1}{\376\377\0004\000.\0002\0000\000.\0002\000.\0001\000\040\000f\000r\000e\000e\000z\000e\000\050\000\051}{subsection.4.20.2}% 190
\BOOKMARK [3][-]{subsubsection.4.20.2.2}{\376\377\0004\000.\0002\0000\000.\0002\000.\0002\000\040\000g\000e\000t\000\137\000t\000y\000p\000e\000\050\000\051}{subsection.4.20.2}% 191
\BOOKMARK [3][-]{subsubsection.4.20.2.3}{\376\377\0004\000.\0002\0000\000.\0002\000.\0003\000\040\000t\000i\000c\000k\000\050\000\051}{subsection.4.20.2}% 192
\BOOKMARK [3][-]{subsubsection.4.20.2.4}{\376\377\0004\000.\0002\0000\000.\0002\000.\0004\000\040\000v\000e\000r\000t\000i\000c\000a\000l\000\137\000m\000o\000v\000e\000\050\000\051}{subsection.4.20.2}% 193
\BOOKMARK [2][-]{subsection.4.20.3}{\376\377\0004\000.\0002\0000\000.\0003\000\040\000M\000e\000m\000b\000e\000r\000\040\000D\000a\000t\000a\000\040\000D\000o\000c\000u\000m\000e\000n\000t\000a\000t\000i\000o\000n}{section.4.20}% 194
\BOOKMARK [3][-]{subsubsection.4.20.3.1}{\376\377\0004\000.\0002\0000\000.\0003\000.\0001\000\040\000f\000r\000e\000e\000z\000e\000\137\000s\000t\000a\000t\000e}{subsection.4.20.3}% 195
\BOOKMARK [3][-]{subsubsection.4.20.3.2}{\376\377\0004\000.\0002\0000\000.\0003\000.\0002\000\040\000s\000h\000o\000o\000t\000\137\000s\000p\000e\000e\000d}{subsection.4.20.3}% 196
\BOOKMARK [3][-]{subsubsection.4.20.3.3}{\376\377\0004\000.\0002\0000\000.\0003\000.\0003\000\040\000s\000h\000o\000o\000t\000\137\000t\000i\000m\000e}{subsection.4.20.3}% 197
\BOOKMARK [3][-]{subsubsection.4.20.3.4}{\376\377\0004\000.\0002\0000\000.\0003\000.\0004\000\040\000s\000h\000o\000o\000t\000\137\000t\000i\000m\000e\000r}{subsection.4.20.3}% 198
\BOOKMARK [3][-]{subsubsection.4.20.3.5}{\376\377\0004\000.\0002\0000\000.\0003\000.\0005\000\040\000u\000p\000p\000\137\000s\000t\000a\000t\000e}{subsection.4.20.3}% 199
\BOOKMARK [3][-]{subsubsection.4.20.3.6}{\376\377\0004\000.\0002\0000\000.\0003\000.\0006\000\040\000v\000e\000r\000t\000i\000c\000a\000l\000\137\000t\000i\000m\000e}{subsection.4.20.3}% 200
\BOOKMARK [3][-]{subsubsection.4.20.3.7}{\376\377\0004\000.\0002\0000\000.\0003\000.\0007\000\040\000v\000e\000r\000t\000i\000c\000a\000l\000\137\000t\000i\000m\000e\000r}{subsection.4.20.3}% 201
\BOOKMARK [1][-]{section.4.21}{\376\377\0004\000.\0002\0001\000\040\000S\000t\000a\000t\000e\000\040\000C\000l\000a\000s\000s\000\040\000R\000e\000f\000e\000r\000e\000n\000c\000e}{chapter.4}% 202
\BOOKMARK [2][-]{subsection.4.21.1}{\376\377\0004\000.\0002\0001\000.\0001\000\040\000C\000o\000n\000s\000t\000r\000u\000c\000t\000o\000r\000\040\000\046\000\040\000D\000e\000s\000t\000r\000u\000c\000t\000o\000r\000\040\000D\000o\000c\000u\000m\000e\000n\000t\000a\000t\000i\000o\000n}{section.4.21}% 203
\BOOKMARK [3][-]{subsubsection.4.21.1.1}{\376\377\0004\000.\0002\0001\000.\0001\000.\0001\000\040\000S\000t\000a\000t\000e\000\050\000\051}{subsection.4.21.1}% 204
\BOOKMARK [3][-]{subsubsection.4.21.1.2}{\376\377\0004\000.\0002\0001\000.\0001\000.\0002\000\040\000\040\000S\000t\000a\000t\000e\000\050\000\051}{subsection.4.21.1}% 205
\BOOKMARK [2][-]{subsection.4.21.2}{\376\377\0004\000.\0002\0001\000.\0002\000\040\000M\000e\000m\000b\000e\000r\000\040\000F\000u\000n\000c\000t\000i\000o\000n\000\040\000D\000o\000c\000u\000m\000e\000n\000t\000a\000t\000i\000o\000n}{section.4.21}% 206
\BOOKMARK [3][-]{subsubsection.4.21.2.1}{\376\377\0004\000.\0002\0001\000.\0002\000.\0001\000\040\000o\000n\000\137\000k\000e\000y\000\137\000p\000r\000e\000s\000s\000\050\000\051}{subsection.4.21.2}% 207
\BOOKMARK [3][-]{subsubsection.4.21.2.2}{\376\377\0004\000.\0002\0001\000.\0002\000.\0002\000\040\000o\000n\000\137\000k\000e\000y\000\137\000r\000e\000l\000e\000a\000s\000e\000\050\000\051}{subsection.4.21.2}% 208
\BOOKMARK [3][-]{subsubsection.4.21.2.3}{\376\377\0004\000.\0002\0001\000.\0002\000.\0003\000\040\000r\000e\000n\000d\000e\000r\000\050\000\051}{subsection.4.21.2}% 209
\BOOKMARK [3][-]{subsubsection.4.21.2.4}{\376\377\0004\000.\0002\0001\000.\0002\000.\0004\000\040\000r\000u\000n\000\050\000\051}{subsection.4.21.2}% 210
\BOOKMARK [3][-]{subsubsection.4.21.2.5}{\376\377\0004\000.\0002\0001\000.\0002\000.\0005\000\040\000t\000i\000c\000k\000\050\000\051}{subsection.4.21.2}% 211
\BOOKMARK [1][-]{section.4.22}{\376\377\0004\000.\0002\0002\000\040\000T\000e\000x\000t\000u\000r\000e\000\137\000M\000a\000n\000a\000g\000e\000r\000\040\000C\000l\000a\000s\000s\000\040\000R\000e\000f\000e\000r\000e\000n\000c\000e}{chapter.4}% 212
\BOOKMARK [2][-]{subsection.4.22.1}{\376\377\0004\000.\0002\0002\000.\0001\000\040\000C\000o\000n\000s\000t\000r\000u\000c\000t\000o\000r\000\040\000\046\000\040\000D\000e\000s\000t\000r\000u\000c\000t\000o\000r\000\040\000D\000o\000c\000u\000m\000e\000n\000t\000a\000t\000i\000o\000n}{section.4.22}% 213
\BOOKMARK [3][-]{subsubsection.4.22.1.1}{\376\377\0004\000.\0002\0002\000.\0001\000.\0001\000\040\000T\000e\000x\000t\000u\000r\000e\000\137\000M\000a\000n\000a\000g\000e\000r\000\050\000\051}{subsection.4.22.1}% 214
\BOOKMARK [2][-]{subsection.4.22.2}{\376\377\0004\000.\0002\0002\000.\0002\000\040\000M\000e\000m\000b\000e\000r\000\040\000F\000u\000n\000c\000t\000i\000o\000n\000\040\000D\000o\000c\000u\000m\000e\000n\000t\000a\000t\000i\000o\000n}{section.4.22}% 215
\BOOKMARK [3][-]{subsubsection.4.22.2.1}{\376\377\0004\000.\0002\0002\000.\0002\000.\0001\000\040\000g\000e\000t\000\050\000\051}{subsection.4.22.2}% 216
\BOOKMARK [2][-]{subsection.4.22.3}{\376\377\0004\000.\0002\0002\000.\0003\000\040\000M\000e\000m\000b\000e\000r\000\040\000D\000a\000t\000a\000\040\000D\000o\000c\000u\000m\000e\000n\000t\000a\000t\000i\000o\000n}{section.4.22}% 217
\BOOKMARK [3][-]{subsubsection.4.22.3.1}{\376\377\0004\000.\0002\0002\000.\0003\000.\0001\000\040\000i\000n\000s\000t\000a\000n\000c\000e}{subsection.4.22.3}% 218
\BOOKMARK [3][-]{subsubsection.4.22.3.2}{\376\377\0004\000.\0002\0002\000.\0003\000.\0002\000\040\000t\000e\000x\000t\000u\000r\000e\000s}{subsection.4.22.3}% 219
\BOOKMARK [1][-]{section.4.23}{\376\377\0004\000.\0002\0003\000\040\000T\000e\000x\000t\000u\000r\000e\000d\000\137\000o\000b\000j\000e\000c\000t\000\040\000C\000l\000a\000s\000s\000\040\000R\000e\000f\000e\000r\000e\000n\000c\000e}{chapter.4}% 220
\BOOKMARK [2][-]{subsection.4.23.1}{\376\377\0004\000.\0002\0003\000.\0001\000\040\000C\000o\000n\000s\000t\000r\000u\000c\000t\000o\000r\000\040\000\046\000\040\000D\000e\000s\000t\000r\000u\000c\000t\000o\000r\000\040\000D\000o\000c\000u\000m\000e\000n\000t\000a\000t\000i\000o\000n}{section.4.23}% 221
\BOOKMARK [3][-]{subsubsection.4.23.1.1}{\376\377\0004\000.\0002\0003\000.\0001\000.\0001\000\040\000T\000e\000x\000t\000u\000r\000e\000d\000\137\000o\000b\000j\000e\000c\000t\000\050\000\051}{subsection.4.23.1}% 222
\BOOKMARK [2][-]{subsection.4.23.2}{\376\377\0004\000.\0002\0003\000.\0002\000\040\000M\000e\000m\000b\000e\000r\000\040\000F\000u\000n\000c\000t\000i\000o\000n\000\040\000D\000o\000c\000u\000m\000e\000n\000t\000a\000t\000i\000o\000n}{section.4.23}% 223
\BOOKMARK [3][-]{subsubsection.4.23.2.1}{\376\377\0004\000.\0002\0003\000.\0002\000.\0001\000\040\000r\000e\000n\000d\000e\000r\000\050\000\051}{subsection.4.23.2}% 224
\BOOKMARK [3][-]{subsubsection.4.23.2.2}{\376\377\0004\000.\0002\0003\000.\0002\000.\0002\000\040\000s\000e\000t\000\137\000t\000e\000x\000t\000u\000r\000e\000\050\000\051}{subsection.4.23.2}% 225
\BOOKMARK [1][-]{section.4.24}{\376\377\0004\000.\0002\0004\000\040\000W\000o\000r\000l\000d\000\040\000C\000l\000a\000s\000s\000\040\000R\000e\000f\000e\000r\000e\000n\000c\000e}{chapter.4}% 226
\BOOKMARK [2][-]{subsection.4.24.1}{\376\377\0004\000.\0002\0004\000.\0001\000\040\000C\000o\000n\000s\000t\000r\000u\000c\000t\000o\000r\000\040\000\046\000\040\000D\000e\000s\000t\000r\000u\000c\000t\000o\000r\000\040\000D\000o\000c\000u\000m\000e\000n\000t\000a\000t\000i\000o\000n}{section.4.24}% 227
\BOOKMARK [3][-]{subsubsection.4.24.1.1}{\376\377\0004\000.\0002\0004\000.\0001\000.\0001\000\040\000W\000o\000r\000l\000d\000\050\000\051}{subsection.4.24.1}% 228
\BOOKMARK [3][-]{subsubsection.4.24.1.2}{\376\377\0004\000.\0002\0004\000.\0001\000.\0002\000\040\000\040\000W\000o\000r\000l\000d\000\050\000\051}{subsection.4.24.1}% 229
\BOOKMARK [2][-]{subsection.4.24.2}{\376\377\0004\000.\0002\0004\000.\0002\000\040\000M\000e\000m\000b\000e\000r\000\040\000F\000u\000n\000c\000t\000i\000o\000n\000\040\000D\000o\000c\000u\000m\000e\000n\000t\000a\000t\000i\000o\000n}{section.4.24}% 230
\BOOKMARK [3][-]{subsubsection.4.24.2.1}{\376\377\0004\000.\0002\0004\000.\0002\000.\0001\000\040\000a\000d\000d\000\137\000s\000c\000o\000r\000e\000\050\000\051}{subsection.4.24.2}% 231
\BOOKMARK [3][-]{subsubsection.4.24.2.2}{\376\377\0004\000.\0002\0004\000.\0002\000.\0002\000\040\000f\000r\000e\000e\000z\000e\000\050\000\051}{subsection.4.24.2}% 232
\BOOKMARK [3][-]{subsubsection.4.24.2.3}{\376\377\0004\000.\0002\0004\000.\0002\000.\0003\000\040\000i\000n\000s\000e\000r\000t\000\137\000o\000b\000j\000e\000c\000t\000\050\000\051}{subsection.4.24.2}% 233
\BOOKMARK [3][-]{subsubsection.4.24.2.4}{\376\377\0004\000.\0002\0004\000.\0002\000.\0004\000\040\000m\000a\000n\000a\000g\000e\000\137\000c\000o\000l\000l\000i\000s\000i\000o\000n\000\050\000\051}{subsection.4.24.2}% 234
\BOOKMARK [3][-]{subsubsection.4.24.2.5}{\376\377\0004\000.\0002\0004\000.\0002\000.\0005\000\040\000r\000e\000n\000d\000e\000r\000\050\000\051}{subsection.4.24.2}% 235
\BOOKMARK [3][-]{subsubsection.4.24.2.6}{\376\377\0004\000.\0002\0004\000.\0002\000.\0006\000\040\000t\000i\000c\000k\000\050\000\051}{subsection.4.24.2}% 236
\BOOKMARK [2][-]{subsection.4.24.3}{\376\377\0004\000.\0002\0004\000.\0003\000\040\000M\000e\000m\000b\000e\000r\000\040\000D\000a\000t\000a\000\040\000D\000o\000c\000u\000m\000e\000n\000t\000a\000t\000i\000o\000n}{section.4.24}% 237
\BOOKMARK [3][-]{subsubsection.4.24.3.1}{\376\377\0004\000.\0002\0004\000.\0003\000.\0001\000\040\000c\000o\000u\000n\000t\000e\000r}{subsection.4.24.3}% 238
\BOOKMARK [3][-]{subsubsection.4.24.3.2}{\376\377\0004\000.\0002\0004\000.\0003\000.\0002\000\040\000f\000o\000n\000t}{subsection.4.24.3}% 239
\BOOKMARK [3][-]{subsubsection.4.24.3.3}{\376\377\0004\000.\0002\0004\000.\0003\000.\0003\000\040\000f\000r\000e\000e\000z\000e\000\137\000s\000t\000a\000t\000e}{subsection.4.24.3}% 240
\BOOKMARK [3][-]{subsubsection.4.24.3.4}{\376\377\0004\000.\0002\0004\000.\0003\000.\0004\000\040\000g\000a\000m\000e\000\137\000t\000i\000m\000e}{subsection.4.24.3}% 241
\BOOKMARK [3][-]{subsubsection.4.24.3.5}{\376\377\0004\000.\0002\0004\000.\0003\000.\0005\000\040\000g\000a\000m\000e\000\137\000t\000i\000m\000e\000r}{subsection.4.24.3}% 242
\BOOKMARK [3][-]{subsubsection.4.24.3.6}{\376\377\0004\000.\0002\0004\000.\0003\000.\0006\000\040\000l\000e\000v\000e\000l}{subsection.4.24.3}% 243
\BOOKMARK [3][-]{subsubsection.4.24.3.7}{\376\377\0004\000.\0002\0004\000.\0003\000.\0007\000\040\000l\000e\000v\000e\000l\000\137\000n\000a\000m\000e}{subsection.4.24.3}% 244
\BOOKMARK [3][-]{subsubsection.4.24.3.8}{\376\377\0004\000.\0002\0004\000.\0003\000.\0008\000\040\000l\000i\000f\000e\000\137\000i\000n\000f\000o}{subsection.4.24.3}% 245
\BOOKMARK [3][-]{subsubsection.4.24.3.9}{\376\377\0004\000.\0002\0004\000.\0003\000.\0009\000\040\000o\000b\000j\000e\000c\000t\000s}{subsection.4.24.3}% 246
\BOOKMARK [3][-]{subsubsection.4.24.3.10}{\376\377\0004\000.\0002\0004\000.\0003\000.\0001\0000\000\040\000p\000l\000a\000y\000e\000r}{subsection.4.24.3}% 247
\BOOKMARK [3][-]{subsubsection.4.24.3.11}{\376\377\0004\000.\0002\0004\000.\0003\000.\0001\0001\000\040\000s\000c\000o\000r\000e}{subsection.4.24.3}% 248
\BOOKMARK [3][-]{subsubsection.4.24.3.12}{\376\377\0004\000.\0002\0004\000.\0003\000.\0001\0002\000\040\000s\000c\000o\000r\000e\000\137\000i\000n\000f\000o}{subsection.4.24.3}% 249
\BOOKMARK [3][-]{subsubsection.4.24.3.13}{\376\377\0004\000.\0002\0004\000.\0003\000.\0001\0003\000\040\000s\000h\000i\000e\000l\000d\000\137\000i\000n\000f\000o}{subsection.4.24.3}% 250
\BOOKMARK [3][-]{subsubsection.4.24.3.14}{\376\377\0004\000.\0002\0004\000.\0003\000.\0001\0004\000\040\000s\000p\000a\000w\000n\000\137\000t\000i\000m\000e}{subsection.4.24.3}% 251
\BOOKMARK [3][-]{subsubsection.4.24.3.15}{\376\377\0004\000.\0002\0004\000.\0003\000.\0001\0005\000\040\000s\000p\000a\000w\000n\000\137\000t\000i\000m\000e\000r}{subsection.4.24.3}% 252
\BOOKMARK [0][-]{chapter.5}{\376\377\0005\000\040\000F\000i\000l\000e\000\040\000D\000o\000c\000u\000m\000e\000n\000t\000a\000t\000i\000o\000n}{}% 253
\BOOKMARK [1][-]{section.5.1}{\376\377\0005\000.\0001\000\040\000/\000h\000o\000m\000e\000/\000n\000i\000l\000s\000/\000T\000D\000P\0000\0000\0005\000/\000G\000a\000m\000e\000/\000B\000u\000l\000l\000e\000t\000.\000c\000p\000p\000\040\000F\000i\000l\000e\000\040\000R\000e\000f\000e\000r\000e\000n\000c\000e}{chapter.5}% 254
\BOOKMARK [1][-]{section.5.2}{\376\377\0005\000.\0002\000\040\000/\000h\000o\000m\000e\000/\000n\000i\000l\000s\000/\000T\000D\000P\0000\0000\0005\000/\000G\000a\000m\000e\000/\000B\000u\000l\000l\000e\000t\000.\000h\000\040\000F\000i\000l\000e\000\040\000R\000e\000f\000e\000r\000e\000n\000c\000e}{chapter.5}% 255
\BOOKMARK [1][-]{section.5.3}{\376\377\0005\000.\0003\000\040\000/\000h\000o\000m\000e\000/\000n\000i\000l\000s\000/\000T\000D\000P\0000\0000\0005\000/\000G\000a\000m\000e\000/\000c\000o\000m\000m\000o\000n\000.\000h\000\040\000F\000i\000l\000e\000\040\000R\000e\000f\000e\000r\000e\000n\000c\000e}{chapter.5}% 256
\BOOKMARK [1][-]{section.5.4}{\376\377\0005\000.\0004\000\040\000/\000h\000o\000m\000e\000/\000n\000i\000l\000s\000/\000T\000D\000P\0000\0000\0005\000/\000G\000a\000m\000e\000/\000E\000n\000e\000m\000y\000.\000c\000p\000p\000\040\000F\000i\000l\000e\000\040\000R\000e\000f\000e\000r\000e\000n\000c\000e}{chapter.5}% 257
\BOOKMARK [1][-]{section.5.5}{\376\377\0005\000.\0005\000\040\000/\000h\000o\000m\000e\000/\000n\000i\000l\000s\000/\000T\000D\000P\0000\0000\0005\000/\000G\000a\000m\000e\000/\000E\000n\000e\000m\000y\000.\000h\000\040\000F\000i\000l\000e\000\040\000R\000e\000f\000e\000r\000e\000n\000c\000e}{chapter.5}% 258
\BOOKMARK [1][-]{section.5.6}{\376\377\0005\000.\0006\000\040\000/\000h\000o\000m\000e\000/\000n\000i\000l\000s\000/\000T\000D\000P\0000\0000\0005\000/\000G\000a\000m\000e\000/\000E\000n\000t\000i\000t\000y\000.\000c\000p\000p\000\040\000F\000i\000l\000e\000\040\000R\000e\000f\000e\000r\000e\000n\000c\000e}{chapter.5}% 259
\BOOKMARK [1][-]{section.5.7}{\376\377\0005\000.\0007\000\040\000/\000h\000o\000m\000e\000/\000n\000i\000l\000s\000/\000T\000D\000P\0000\0000\0005\000/\000G\000a\000m\000e\000/\000E\000n\000t\000i\000t\000y\000.\000h\000\040\000F\000i\000l\000e\000\040\000R\000e\000f\000e\000r\000e\000n\000c\000e}{chapter.5}% 260
\BOOKMARK [1][-]{section.5.8}{\376\377\0005\000.\0008\000\040\000/\000h\000o\000m\000e\000/\000n\000i\000l\000s\000/\000T\000D\000P\0000\0000\0005\000/\000G\000a\000m\000e\000/\000g\000a\000m\000e\000\137\000s\000t\000a\000t\000e\000.\000c\000p\000p\000\040\000F\000i\000l\000e\000\040\000R\000e\000f\000e\000r\000e\000n\000c\000e}{chapter.5}% 261
\BOOKMARK [1][-]{section.5.9}{\376\377\0005\000.\0009\000\040\000/\000h\000o\000m\000e\000/\000n\000i\000l\000s\000/\000T\000D\000P\0000\0000\0005\000/\000G\000a\000m\000e\000/\000g\000a\000m\000e\000\137\000s\000t\000a\000t\000e\000.\000h\000\040\000F\000i\000l\000e\000\040\000R\000e\000f\000e\000r\000e\000n\000c\000e}{chapter.5}% 262
\BOOKMARK [1][-]{section.5.10}{\376\377\0005\000.\0001\0000\000\040\000/\000h\000o\000m\000e\000/\000n\000i\000l\000s\000/\000T\000D\000P\0000\0000\0005\000/\000G\000a\000m\000e\000/\000L\000e\000v\000e\000l\000.\000c\000p\000p\000\040\000F\000i\000l\000e\000\040\000R\000e\000f\000e\000r\000e\000n\000c\000e}{chapter.5}% 263
\BOOKMARK [1][-]{section.5.11}{\376\377\0005\000.\0001\0001\000\040\000/\000h\000o\000m\000e\000/\000n\000i\000l\000s\000/\000T\000D\000P\0000\0000\0005\000/\000G\000a\000m\000e\000/\000L\000e\000v\000e\000l\000.\000h\000\040\000F\000i\000l\000e\000\040\000R\000e\000f\000e\000r\000e\000n\000c\000e}{chapter.5}% 264
\BOOKMARK [1][-]{section.5.12}{\376\377\0005\000.\0001\0002\000\040\000/\000h\000o\000m\000e\000/\000n\000i\000l\000s\000/\000T\000D\000P\0000\0000\0005\000/\000G\000a\000m\000e\000/\000m\000a\000i\000n\000.\000c\000p\000p\000\040\000F\000i\000l\000e\000\040\000R\000e\000f\000e\000r\000e\000n\000c\000e}{chapter.5}% 265
\BOOKMARK [2][-]{subsection.5.12.1}{\376\377\0005\000.\0001\0002\000.\0001\000\040\000F\000u\000n\000c\000t\000i\000o\000n\000\040\000D\000o\000c\000u\000m\000e\000n\000t\000a\000t\000i\000o\000n}{section.5.12}% 266
\BOOKMARK [3][-]{subsubsection.5.12.1.1}{\376\377\0005\000.\0001\0002\000.\0001\000.\0001\000\040\000m\000a\000i\000n\000\050\000\051}{subsection.5.12.1}% 267
\BOOKMARK [2][-]{subsection.5.12.2}{\376\377\0005\000.\0001\0002\000.\0002\000\040\000V\000a\000r\000i\000a\000b\000l\000e\000\040\000D\000o\000c\000u\000m\000e\000n\000t\000a\000t\000i\000o\000n}{section.5.12}% 268
\BOOKMARK [3][-]{subsubsection.5.12.2.1}{\376\377\0005\000.\0001\0002\000.\0002\000.\0001\000\040\000h\000e\000i\000g\000h\000t}{subsection.5.12.2}% 269
\BOOKMARK [3][-]{subsubsection.5.12.2.2}{\376\377\0005\000.\0001\0002\000.\0002\000.\0002\000\040\000w\000i\000d\000t\000h}{subsection.5.12.2}% 270
\BOOKMARK [1][-]{section.5.13}{\376\377\0005\000.\0001\0003\000\040\000/\000h\000o\000m\000e\000/\000n\000i\000l\000s\000/\000T\000D\000P\0000\0000\0005\000/\000G\000a\000m\000e\000/\000m\000e\000n\000u\000\137\000s\000t\000a\000t\000e\000.\000c\000p\000p\000\040\000F\000i\000l\000e\000\040\000R\000e\000f\000e\000r\000e\000n\000c\000e}{chapter.5}% 271
\BOOKMARK [1][-]{section.5.14}{\376\377\0005\000.\0001\0004\000\040\000/\000h\000o\000m\000e\000/\000n\000i\000l\000s\000/\000T\000D\000P\0000\0000\0005\000/\000G\000a\000m\000e\000/\000m\000e\000n\000u\000\137\000s\000t\000a\000t\000e\000.\000h\000\040\000F\000i\000l\000e\000\040\000R\000e\000f\000e\000r\000e\000n\000c\000e}{chapter.5}% 272
\BOOKMARK [1][-]{section.5.15}{\376\377\0005\000.\0001\0005\000\040\000/\000h\000o\000m\000e\000/\000n\000i\000l\000s\000/\000T\000D\000P\0000\0000\0005\000/\000G\000a\000m\000e\000/\000P\000l\000a\000y\000e\000r\000.\000c\000p\000p\000\040\000F\000i\000l\000e\000\040\000R\000e\000f\000e\000r\000e\000n\000c\000e}{chapter.5}% 273
\BOOKMARK [1][-]{section.5.16}{\376\377\0005\000.\0001\0006\000\040\000/\000h\000o\000m\000e\000/\000n\000i\000l\000s\000/\000T\000D\000P\0000\0000\0005\000/\000G\000a\000m\000e\000/\000P\000l\000a\000y\000e\000r\000.\000h\000\040\000F\000i\000l\000e\000\040\000R\000e\000f\000e\000r\000e\000n\000c\000e}{chapter.5}% 274
\BOOKMARK [1][-]{section.5.17}{\376\377\0005\000.\0001\0007\000\040\000/\000h\000o\000m\000e\000/\000n\000i\000l\000s\000/\000T\000D\000P\0000\0000\0005\000/\000G\000a\000m\000e\000/\000P\000o\000w\000e\000r\000u\000p\000.\000c\000p\000p\000\040\000F\000i\000l\000e\000\040\000R\000e\000f\000e\000r\000e\000n\000c\000e}{chapter.5}% 275
\BOOKMARK [1][-]{section.5.18}{\376\377\0005\000.\0001\0008\000\040\000/\000h\000o\000m\000e\000/\000n\000i\000l\000s\000/\000T\000D\000P\0000\0000\0005\000/\000G\000a\000m\000e\000/\000P\000o\000w\000e\000r\000u\000p\000.\000h\000\040\000F\000i\000l\000e\000\040\000R\000e\000f\000e\000r\000e\000n\000c\000e}{chapter.5}% 276
\BOOKMARK [1][-]{section.5.19}{\376\377\0005\000.\0001\0009\000\040\000/\000h\000o\000m\000e\000/\000n\000i\000l\000s\000/\000T\000D\000P\0000\0000\0005\000/\000G\000a\000m\000e\000/\000s\000t\000a\000t\000e\000.\000c\000p\000p\000\040\000F\000i\000l\000e\000\040\000R\000e\000f\000e\000r\000e\000n\000c\000e}{chapter.5}% 277
\BOOKMARK [1][-]{section.5.20}{\376\377\0005\000.\0002\0000\000\040\000/\000h\000o\000m\000e\000/\000n\000i\000l\000s\000/\000T\000D\000P\0000\0000\0005\000/\000G\000a\000m\000e\000/\000s\000t\000a\000t\000e\000.\000h\000\040\000F\000i\000l\000e\000\040\000R\000e\000f\000e\000r\000e\000n\000c\000e}{chapter.5}% 278
\BOOKMARK [1][-]{section.5.21}{\376\377\0005\000.\0002\0001\000\040\000/\000h\000o\000m\000e\000/\000n\000i\000l\000s\000/\000T\000D\000P\0000\0000\0005\000/\000G\000a\000m\000e\000/\000T\000e\000x\000t\000u\000r\000e\000\137\000m\000a\000n\000a\000g\000e\000r\000.\000c\000p\000p\000\040\000F\000i\000l\000e\000\040\000R\000e\000f\000e\000r\000e\000n\000c\000e}{chapter.5}% 279
\BOOKMARK [1][-]{section.5.22}{\376\377\0005\000.\0002\0002\000\040\000/\000h\000o\000m\000e\000/\000n\000i\000l\000s\000/\000T\000D\000P\0000\0000\0005\000/\000G\000a\000m\000e\000/\000T\000e\000x\000t\000u\000r\000e\000\137\000m\000a\000n\000a\000g\000e\000r\000.\000h\000\040\000F\000i\000l\000e\000\040\000R\000e\000f\000e\000r\000e\000n\000c\000e}{chapter.5}% 280
\BOOKMARK [1][-]{section.5.23}{\376\377\0005\000.\0002\0003\000\040\000/\000h\000o\000m\000e\000/\000n\000i\000l\000s\000/\000T\000D\000P\0000\0000\0005\000/\000G\000a\000m\000e\000/\000W\000o\000r\000l\000d\000.\000c\000p\000p\000\040\000F\000i\000l\000e\000\040\000R\000e\000f\000e\000r\000e\000n\000c\000e}{chapter.5}% 281
\BOOKMARK [1][-]{section.5.24}{\376\377\0005\000.\0002\0004\000\040\000/\000h\000o\000m\000e\000/\000n\000i\000l\000s\000/\000T\000D\000P\0000\0000\0005\000/\000G\000a\000m\000e\000/\000W\000o\000r\000l\000d\000.\000h\000\040\000F\000i\000l\000e\000\040\000R\000e\000f\000e\000r\000e\000n\000c\000e}{chapter.5}% 282
\BOOKMARK [0][-]{section*.99}{\376\377\000I\000n\000d\000e\000x}{}% 283
